<?xml version="1.0" encoding="UTF-8"?>
<!-- Generated by org.testng.reporters.JUnitReportReporter -->
<testsuite skipped="0" hostname="IMQA-010" name="LoginTest" tests="1" failures="0" timestamp="2020-02-05T17:31:57 SGT" time="2.294" errors="0">
  <testcase name="doLogin" time="2.294" classname="LoginTest"/>
</testsuite> <!-- LoginTest -->
