<?xml version="1.0" encoding="UTF-8"?>
<!-- Generated by org.testng.reporters.JUnitReportReporter -->
<testsuite skipped="0" hostname="IMQA-010" name="com.w2a.testcases.LoginTest" tests="1" failures="0" timestamp="2020-02-05T17:47:17 SGT" time="2.345" errors="0">
  <testcase name="doLogin" time="2.345" classname="com.w2a.testcases.LoginTest"/>
  <system-out/>
</testsuite> <!-- com.w2a.testcases.LoginTest -->
